app/build/intermediates/manifest_merge_blame_file/debug/manifest-merger-blame-debug-report.txt
1<?xml version="1.0" encoding="utf-8"?>
2<manifest xmlns:android="http://schemas.android.com/apk/res/android"
3    package="com.ny.times"
4    android:versionCode="1"
5    android:versionName="1.0" >
6
7    <uses-sdk
8        android:minSdkVersion="19"
8-->src/main/AndroidManifest.xml
9        android:targetSdkVersion="29" />
9-->src/main/AndroidManifest.xml
10
11    <uses-permission android:name="android.permission.INTERNET" />
11-->src/main/AndroidManifest.xml:6:5-66
11-->src/main/AndroidManifest.xml:6:22-64
12    <uses-permission android:name="android.permission.ACCESS_NETWORK_STATE" />
12-->src/main/AndroidManifest.xml:7:5-79
12-->src/main/AndroidManifest.xml:7:22-76
13
14    <!-- Permission will be merged into the manifest of the hosting app. -->
15    <!-- Is required to launch foreground extraction service for targetSdkVersion 28+. -->
16    <uses-permission android:name="android.permission.FOREGROUND_SERVICE" />
16-->[com.google.android.play:core:1.9.1] AndroidManifest.xml:8:3-74
16-->[com.google.android.play:core:1.9.1] AndroidManifest.xml:8:20-72
17
18    <application
18-->src/main/AndroidManifest.xml:9:5-43:19
19        android:allowBackup="true"
19-->src/main/AndroidManifest.xml:10:9-35
20        android:appComponentFactory="androidx.core.app.CoreComponentFactory"
20-->[androidx.core:core:1.3.2] AndroidManifest.xml:24:18-86
21        android:debuggable="true"
22        android:icon="@mipmap/ic_launcher"
22-->src/main/AndroidManifest.xml:11:9-43
23        android:label="@string/app_name"
23-->src/main/AndroidManifest.xml:12:9-41
24        android:roundIcon="@mipmap/ic_launcher_round"
24-->src/main/AndroidManifest.xml:13:9-54
25        android:supportsRtl="true"
25-->src/main/AndroidManifest.xml:14:9-35
26        android:testOnly="true"
27        android:theme="@style/Theme.NYTimes"
27-->src/main/AndroidManifest.xml:16:9-45
28        android:usesCleartextTraffic="true" >
28-->src/main/AndroidManifest.xml:15:9-44
29        <activity
29-->src/main/AndroidManifest.xml:19:9-26:20
30            android:name="com.ny.times.ui.activities.SplashActivity"
30-->src/main/AndroidManifest.xml:20:13-57
31            android:theme="@style/Theme.NYTimes.NoActionBar" >
31-->src/main/AndroidManifest.xml:21:13-61
32            <intent-filter>
32-->src/main/AndroidManifest.xml:22:13-25:29
33                <action android:name="android.intent.action.MAIN" />
33-->src/main/AndroidManifest.xml:23:17-69
33-->src/main/AndroidManifest.xml:23:25-66
34
35                <category android:name="android.intent.category.LAUNCHER" />
35-->src/main/AndroidManifest.xml:24:17-77
35-->src/main/AndroidManifest.xml:24:27-74
36            </intent-filter>
37        </activity>
38        <activity
38-->src/main/AndroidManifest.xml:28:9-32:20
39            android:name="com.ny.times.ui.activities.MainActivity"
39-->src/main/AndroidManifest.xml:29:13-55
40            android:label="@string/app_name"
40-->src/main/AndroidManifest.xml:30:13-45
41            android:theme="@style/Theme.NYTimes.NoActionBar" >
41-->src/main/AndroidManifest.xml:31:13-61
42        </activity>
43        <activity
43-->src/main/AndroidManifest.xml:34:9-42:20
44            android:name="com.ny.times.ui.activities.ItemDetailActivity"
44-->src/main/AndroidManifest.xml:35:13-61
45            android:label="@string/title_item_detail"
45-->src/main/AndroidManifest.xml:36:13-54
46            android:parentActivityName="com.ny.times.ui.activities.MainActivity"
46-->src/main/AndroidManifest.xml:37:13-69
47            android:theme="@style/Theme.NYTimes.NoActionBar" >
47-->src/main/AndroidManifest.xml:38:13-61
48            <meta-data
48-->src/main/AndroidManifest.xml:39:13-41:75
49                android:name="android.support.PARENT_ACTIVITY"
49-->src/main/AndroidManifest.xml:40:17-63
50                android:value="com.ny.times.ui.activities.MainActivity" />
50-->src/main/AndroidManifest.xml:41:17-72
51        </activity>
52
53        <service
53-->[androidx.room:room-runtime:2.2.6] AndroidManifest.xml:25:9-28:40
54            android:name="androidx.room.MultiInstanceInvalidationService"
54-->[androidx.room:room-runtime:2.2.6] AndroidManifest.xml:26:13-74
55            android:directBootAware="true"
55-->[androidx.room:room-runtime:2.2.6] AndroidManifest.xml:27:13-43
56            android:exported="false" /> <!-- The activities will be merged into the manifest of the hosting app. -->
56-->[androidx.room:room-runtime:2.2.6] AndroidManifest.xml:28:13-37
57        <activity
57-->[com.google.android.play:core:1.9.1] AndroidManifest.xml:12:5-271
58            android:name="com.google.android.play.core.missingsplits.PlayCoreMissingSplitsActivity"
58-->[com.google.android.play:core:1.9.1] AndroidManifest.xml:12:15-102
59            android:enabled="false"
59-->[com.google.android.play:core:1.9.1] AndroidManifest.xml:12:103-126
60            android:exported="false"
60-->[com.google.android.play:core:1.9.1] AndroidManifest.xml:12:127-151
61            android:launchMode="singleInstance"
61-->[com.google.android.play:core:1.9.1] AndroidManifest.xml:12:204-239
62            android:process=":playcore_missing_splits_activity"
62-->[com.google.android.play:core:1.9.1] AndroidManifest.xml:12:152-203
63            android:stateNotNeeded="true" />
63-->[com.google.android.play:core:1.9.1] AndroidManifest.xml:12:240-269
64        <activity
64-->[com.google.android.play:core:1.9.1] AndroidManifest.xml:13:5-226
65            android:name="com.google.android.play.core.common.PlayCoreDialogWrapperActivity"
65-->[com.google.android.play:core:1.9.1] AndroidManifest.xml:13:15-95
66            android:enabled="false"
66-->[com.google.android.play:core:1.9.1] AndroidManifest.xml:13:96-119
67            android:exported="false"
67-->[com.google.android.play:core:1.9.1] AndroidManifest.xml:13:120-144
68            android:stateNotNeeded="true"
68-->[com.google.android.play:core:1.9.1] AndroidManifest.xml:13:145-174
69            android:theme="@style/Theme.PlayCore.Transparent" /> <!-- The services will be merged into the manifest of the hosting app. -->
69-->[com.google.android.play:core:1.9.1] AndroidManifest.xml:13:175-224
70        <service
70-->[com.google.android.play:core:1.9.1] AndroidManifest.xml:16:5-18:15
71            android:name="com.google.android.play.core.assetpacks.AssetPackExtractionService"
71-->[com.google.android.play:core:1.9.1] AndroidManifest.xml:16:14-95
72            android:enabled="false"
72-->[com.google.android.play:core:1.9.1] AndroidManifest.xml:16:96-119
73            android:exported="true" >
73-->[com.google.android.play:core:1.9.1] AndroidManifest.xml:16:120-143
74            <meta-data
74-->[com.google.android.play:core:1.9.1] AndroidManifest.xml:17:7-108
75                android:name="com.google.android.play.core.assetpacks.versionCode"
75-->[com.google.android.play:core:1.9.1] AndroidManifest.xml:17:18-84
76                android:value="10901" />
76-->[com.google.android.play:core:1.9.1] AndroidManifest.xml:17:85-106
77        </service>
78        <service
78-->[com.google.android.play:core:1.9.1] AndroidManifest.xml:19:5-147
79            android:name="com.google.android.play.core.assetpacks.ExtractionForegroundService"
79-->[com.google.android.play:core:1.9.1] AndroidManifest.xml:19:14-96
80            android:enabled="false"
80-->[com.google.android.play:core:1.9.1] AndroidManifest.xml:19:97-120
81            android:exported="false" />
81-->[com.google.android.play:core:1.9.1] AndroidManifest.xml:19:121-145
82    </application>
83
84</manifest>